    1  wget www.github.com
    2  passwd
    3  wget www.github.com
    4  cd ~/Desktop
    5  cd ws1/
    6  mkdir ws1
    7  cd ws1/
    8  history > cmds.log
    9  ls
   10  git status
   11  git init
   12  git status
   13  git add cmds.log
   14  git status
   15  git commit -m "Adding the cmds log file"
   16  git config user.email "moepyae.sone@sjsu.edu"
   17  git config user.name "Moe Pyae Sone"
   18  git commit -m "Adding the cmds log file"
   19  git push origin master
   20  git push cs131 master
   21  git push /mnt/scratch/moe23fa/ws1/.git/ master
   22  git remote add origin https://github.com/cypher16amir/cs131.git
   23  git branch -M master
   24  git push -u origin master
   25  ls
   26  exit
   27  ls
   28  cd cs131/
   29  history
   30  git init
   31  cd ws1/
   32  ls
   33  history > cmds.log
