    1  wget www.github.com
    2  passwd
    3  wget www.github.com
    4  cd ~/Desktop
    5  cd ws1/
    6  mkdir ws1
    7  cd ws1/
    8  history > cmds.log
    9  ls
   10  git status
   11  git init
   12  git status
   13  git add cmds.log
   14  git status
   15  git commit -m "Adding the cmds log file"
   16  git config user.email "moepyae.sone@sjsu.edu"
   17  git config user.name "Moe Pyae Sone"
   18  git commit -m "Adding the cmds log file"
   19  git push origin master
   20  git push cs131 master
   21  git push /mnt/scratch/moe23fa/ws1/.git/ master
   22  git remote add origin https://github.com/cypher16amir/cs131.git
   23  git branch -M master
   24  git push -u origin master
   25  ls
   26  exit
   27  ~cd ws1/
   28  cd ws1/
   29  git init
   30  ls *.log
   31  ls *.txt
   32  exit
   33  cd ws1/
   34  cat cmds.log
   35  head cmds.log
   36  tail cmds.log
   37  less cmds.log
   38  cd ws1/
   39  head -2 cmds.log
   40  nano cmds.log
   41  cd ws1/
   42  vi cmds.log
   43  exit
   44  history
   45  ls
   46  cd cs131/
   47  history
   48  git init
   49  cd ws1/
   50  ls
   51  history > cmds.log
   52  cd cmds.log/
   53  open ~/ws1/cmds.log
   54  ls
   55  open ~/cmds.log
   56  ls -lat
   57  git add
   58  git init
   59  git add .
   60  git commit -m "updating cmds.log file"
   61  git push
   62  cd ws1/
   63  git init
   64  git add.
   65  git add .
   66  ls
   67  git commit -m "Updating cmds.log file"
   68  git push
   69  cd ws1/
   70  less cmds.log
   71  cd ws1/
   72  nano cmds.log
   73  cd ws1/
   74  cat cmds.log
   75  vi cmds.log
   76  nano cmds.log
   77  cat cmds.log
   78  cd ws1/
   79  ls
   80  cat cmds.log
   81  ls
   82  cat index.html
   83  ls
   84  cs ws1/
   85  cd ws1/
   86  ls
   87  cmds.log
   88  cat cmds.log
   89  exit
   90  cd ws2/
   91  wc >> results.txt
   92  cat results.txt
   93  vim results.txt
   94  wc >> results.txt
   95  wc results.txt >> results.txt
   96  cat results.txt
   97  vim results.txt
   98  cat results.txt
   99  history > cmds.log
  100  cat cmds.log
  101  history >> cmds.log
  102  cat cmds.log
  103  history > cmds.log
  104  cat cmds.log
  105  ls
  106  rm cmds.log
  107  ls
  108  history > cmds.log
  109  ls
  110  cat cmds.log
  111  cd
  112  exit
  113  cp /datasets/taxidata.tar.gz
  114  cp --help
  115  ~cp/datasets/taxidata.tar.gz
  116  cp /datasets/taxidata.tar.gz .
  117  ls
  118  tar zxvf taxidata.tar.gz
  119  cat 2019-03.csv
  120  cd ws2/
  121  mkdir ws2/
  122  ls
  123  cd CS131/
  124  cd taxidata/
  125  ls
  126  cat 2019-03.csv
  127  mv 2019-03.csv ../
  128  mv 2019-03.csv ws2/
  129  mv 2019-03.csvws2/
  130  mv 2019-03.csv taxidata/
  131  cd ws2/
  132  cd
  133  cd ws2/
  134  mv 2019-03.csv ../
  135  cd
  136  cd taxidata/
  137  mv 2019-03.csv ../
  138  ls
  139  cd
  140  cd ws2/
  141  ls
  142  cd
  143  rm taxidata
  144  rm -f taxidata
  145  rm -r taxidata
  146  ls
  147  tar zxvf taxidata.tar.gz
  148  mv 2019-03 ../
  149  cd taxidata
  150  ls
  151  mv 2019-03.csv ~/ws2
  152  ls
  153  cd
  154  cd ws2
  155  ls
  156  cp 2019-03.csv ~/taxidata
  157  ls
  158  cd
  159  cd taxidata
  160  ls
  161  cd ~/ws2
  162  grep ".*,.*,\"2019-03-12.*" 2019-03.csv | tail -n 20 > results.txt
  163  ls
  164  cat results.txt
  165  cd ~/ws1
  166  ls
  167  cat cmds.log
  168  cp cmds.log ~/ws2
  169  ls
  170  cd ~/ws2
  171  ls
  172  cat cmds.log
  173  ls
  174  cd ws2
  175  ls
  176  cat results.txt
  177  vim results.txt
  178  grep ^[^,]......."2019-03-12.".........$ 2019-03.csv | wc -l >> results.txt
  179  cat results.txt
  180  vim results.txt
  181  grep ".*,.*,\"2019-03-12.*" 2019-03.csv | wc -l >> results.txt
  182  cat results.txt
  183  vim results.txt
  184  grep ^[^,]".*,.*,\"2019-03-12.*"$ 2019-03.csv | wc -l >> results.txt
  185  cat results.txt
  186  history > cmds.log
